c:\users\junwen\documents\visual studio 2019\project_repo\cudaneuronnet\x64\debug\cudaneuronnet.lib
c:\users\junwen\documents\visual studio 2019\project_repo\cudaneuronnet\x64\debug\cudaneuronnet.exp
c:\users\junwen\documents\visual studio 2019\project_repo\cudaneuronnet\x64\debug\cudaneuronnet.ilk
c:\users\junwen\documents\visual studio 2019\project_repo\cudaneuronnet\x64\debug\cudaneuronnet.exe
c:\users\junwen\documents\visual studio 2019\project_repo\cudaneuronnet\x64\debug\cudaneuronnet.pdb
c:\users\junwen\documents\visual studio 2019\project_repo\cudaneuronnet\cudaneuronnet\x64\debug\bce_cost.cu.cache
c:\users\junwen\documents\visual studio 2019\project_repo\cudaneuronnet\cudaneuronnet\x64\debug\coordinates_dataset.cu.cache
c:\users\junwen\documents\visual studio 2019\project_repo\cudaneuronnet\cudaneuronnet\x64\debug\linear_layer.cu.cache
c:\users\junwen\documents\visual studio 2019\project_repo\cudaneuronnet\cudaneuronnet\x64\debug\main.cu.cache
c:\users\junwen\documents\visual studio 2019\project_repo\cudaneuronnet\cudaneuronnet\x64\debug\matrix.cu.cache
c:\users\junwen\documents\visual studio 2019\project_repo\cudaneuronnet\cudaneuronnet\x64\debug\neural_network.cu.cache
c:\users\junwen\documents\visual studio 2019\project_repo\cudaneuronnet\cudaneuronnet\x64\debug\relu_activation.cu.cache
c:\users\junwen\documents\visual studio 2019\project_repo\cudaneuronnet\cudaneuronnet\x64\debug\shape.cu.cache
c:\users\junwen\documents\visual studio 2019\project_repo\cudaneuronnet\cudaneuronnet\x64\debug\sigmoid_activation.cu.cache
c:\users\junwen\documents\visual studio 2019\project_repo\cudaneuronnet\cudaneuronnet\x64\debug\bce_cost.cu.obj
c:\users\junwen\documents\visual studio 2019\project_repo\cudaneuronnet\cudaneuronnet\x64\debug\coordinates_dataset.cu.obj
c:\users\junwen\documents\visual studio 2019\project_repo\cudaneuronnet\cudaneuronnet\x64\debug\linear_layer.cu.obj
c:\users\junwen\documents\visual studio 2019\project_repo\cudaneuronnet\cudaneuronnet\x64\debug\main.cu.obj
c:\users\junwen\documents\visual studio 2019\project_repo\cudaneuronnet\cudaneuronnet\x64\debug\matrix.cu.obj
c:\users\junwen\documents\visual studio 2019\project_repo\cudaneuronnet\cudaneuronnet\x64\debug\neural_network.cu.obj
c:\users\junwen\documents\visual studio 2019\project_repo\cudaneuronnet\cudaneuronnet\x64\debug\relu_activation.cu.obj
c:\users\junwen\documents\visual studio 2019\project_repo\cudaneuronnet\cudaneuronnet\x64\debug\shape.cu.obj
c:\users\junwen\documents\visual studio 2019\project_repo\cudaneuronnet\cudaneuronnet\x64\debug\sigmoid_activation.cu.obj
c:\users\junwen\documents\visual studio 2019\project_repo\cudaneuronnet\cudaneuronnet\x64\debug\vc142.pdb
c:\users\junwen\documents\visual studio 2019\project_repo\cudaneuronnet\cudaneuronnet\x64\debug\cudaneuronnet.tlog\cudacompile.read.1u.tlog
c:\users\junwen\documents\visual studio 2019\project_repo\cudaneuronnet\cudaneuronnet\x64\debug\cudaneuronnet.tlog\cudacompile.write.1u.tlog
c:\users\junwen\documents\visual studio 2019\project_repo\cudaneuronnet\cudaneuronnet\x64\debug\cudaneuronnet.tlog\cudaneuronnet.write.1u.tlog
c:\users\junwen\documents\visual studio 2019\project_repo\cudaneuronnet\cudaneuronnet\x64\debug\cudaneuronnet.tlog\link.command.1.tlog
c:\users\junwen\documents\visual studio 2019\project_repo\cudaneuronnet\cudaneuronnet\x64\debug\cudaneuronnet.tlog\link.delete.1.tlog
c:\users\junwen\documents\visual studio 2019\project_repo\cudaneuronnet\cudaneuronnet\x64\debug\cudaneuronnet.tlog\link.read.1.tlog
c:\users\junwen\documents\visual studio 2019\project_repo\cudaneuronnet\cudaneuronnet\x64\debug\cudaneuronnet.tlog\link.write.1.tlog
