  Compiling CUDA source file coordinates_dataset.cu...
  Compiling CUDA source file layers\linear_layer.cu...
  
  C:\Users\junwen\Documents\Visual Studio 2019\Project_Repo\cudaNeuronNet\cudaNeuronNet>"C:\Program Files\NVIDIA GPU Computing Toolkit\CUDA\v11.0\bin\nvcc.exe" -gencode=arch=compute_52,code=\"sm_52,compute_52\" --use-local-env -ccbin "C:\Program Files (x86)\Microsoft Visual Studio\2019\Community\VC\Tools\MSVC\14.27.29110\bin\HostX86\x64" -x cu   -I"C:\Program Files\NVIDIA GPU Computing Toolkit\CUDA\v11.0\include" -I"C:\Program Files\NVIDIA GPU Computing Toolkit\CUDA\v11.0\include"  -G   --keep-dir x64\Debug -maxrregcount=0  --machine 64 --compile -cudart static  -g   -DWIN32 -DWIN64 -D_DEBUG -D_CONSOLE -D_WINDLL -D_MBCS -Xcompiler "/EHsc /W3 /nologo /Od /Fd..Debug\vc142.pdb /FS /Zi /RTC1 /MDd " -o ..Debug\coordinates_dataset.cu.obj "C:\Users\junwen\Documents\Visual Studio 2019\Project_Repo\cudaNeuronNet\cudaNeuronNet\coordinates_dataset.cu" 
  
  C:\Users\junwen\Documents\Visual Studio 2019\Project_Repo\cudaNeuronNet\cudaNeuronNet>"C:\Program Files\NVIDIA GPU Computing Toolkit\CUDA\v11.0\bin\nvcc.exe" -gencode=arch=compute_52,code=\"sm_52,compute_52\" --use-local-env -ccbin "C:\Program Files (x86)\Microsoft Visual Studio\2019\Community\VC\Tools\MSVC\14.27.29110\bin\HostX86\x64" -x cu   -I"C:\Program Files\NVIDIA GPU Computing Toolkit\CUDA\v11.0\include" -I"C:\Program Files\NVIDIA GPU Computing Toolkit\CUDA\v11.0\include"  -G   --keep-dir x64\Debug -maxrregcount=0  --machine 64 --compile -cudart static  -g   -DWIN32 -DWIN64 -D_DEBUG -D_CONSOLE -D_WINDLL -D_MBCS -Xcompiler "/EHsc /W3 /nologo /Od /Fd..Debug\vc142.pdb /FS /Zi /RTC1 /MDd " -o ..Debug\linear_layer.cu.obj "C:\Users\junwen\Documents\Visual Studio 2019\Project_Repo\cudaNeuronNet\cudaNeuronNet\layers\linear_layer.cu" 
  Compiling CUDA source file layers\relu_activation.cu...
  Compiling CUDA source file layers\sigmoid_activation.cu...
  Compiling CUDA source file nn_utils\bce_cost.cu...
  Compiling CUDA source file main.cu...
  Compiling CUDA source file neural_network.cu...
  Compiling CUDA source file nn_utils\matrix.cu...
  
  C:\Users\junwen\Documents\Visual Studio 2019\Project_Repo\cudaNeuronNet\cudaNeuronNet>"C:\Program Files\NVIDIA GPU Computing Toolkit\CUDA\v11.0\bin\nvcc.exe" -gencode=arch=compute_52,code=\"sm_52,compute_52\" --use-local-env -ccbin "C:\Program Files (x86)\Microsoft Visual Studio\2019\Community\VC\Tools\MSVC\14.27.29110\bin\HostX86\x64" -x cu   -I"C:\Program Files\NVIDIA GPU Computing Toolkit\CUDA\v11.0\include" -I"C:\Program Files\NVIDIA GPU Computing Toolkit\CUDA\v11.0\include"  -G   --keep-dir x64\Debug -maxrregcount=0  --machine 64 --compile -cudart static  -g   -DWIN32 -DWIN64 -D_DEBUG -D_CONSOLE -D_WINDLL -D_MBCS -Xcompiler "/EHsc /W3 /nologo /Od /Fd..Debug\vc142.pdb /FS /Zi /RTC1 /MDd " -o ..Debug\relu_activation.cu.obj "C:\Users\junwen\Documents\Visual Studio 2019\Project_Repo\cudaNeuronNet\cudaNeuronNet\layers\relu_activation.cu" 
  
  C:\Users\junwen\Documents\Visual Studio 2019\Project_Repo\cudaNeuronNet\cudaNeuronNet>"C:\Program Files\NVIDIA GPU Computing Toolkit\CUDA\v11.0\bin\nvcc.exe" -gencode=arch=compute_52,code=\"sm_52,compute_52\" --use-local-env -ccbin "C:\Program Files (x86)\Microsoft Visual Studio\2019\Community\VC\Tools\MSVC\14.27.29110\bin\HostX86\x64" -x cu   -I"C:\Program Files\NVIDIA GPU Computing Toolkit\CUDA\v11.0\include" -I"C:\Program Files\NVIDIA GPU Computing Toolkit\CUDA\v11.0\include"  -G   --keep-dir x64\Debug -maxrregcount=0  --machine 64 --compile -cudart static  -g   -DWIN32 -DWIN64 -D_DEBUG -D_CONSOLE -D_WINDLL -D_MBCS -Xcompiler "/EHsc /W3 /nologo /Od /Fd..Debug\vc142.pdb /FS /Zi /RTC1 /MDd " -o ..Debug\sigmoid_activation.cu.obj "C:\Users\junwen\Documents\Visual Studio 2019\Project_Repo\cudaNeuronNet\cudaNeuronNet\layers\sigmoid_activation.cu" 
  
  C:\Users\junwen\Documents\Visual Studio 2019\Project_Repo\cudaNeuronNet\cudaNeuronNet>"C:\Program Files\NVIDIA GPU Computing Toolkit\CUDA\v11.0\bin\nvcc.exe" -gencode=arch=compute_52,code=\"sm_52,compute_52\" --use-local-env -ccbin "C:\Program Files (x86)\Microsoft Visual Studio\2019\Community\VC\Tools\MSVC\14.27.29110\bin\HostX86\x64" -x cu   -I"C:\Program Files\NVIDIA GPU Computing Toolkit\CUDA\v11.0\include" -I"C:\Program Files\NVIDIA GPU Computing Toolkit\CUDA\v11.0\include"  -G   --keep-dir x64\Debug -maxrregcount=0  --machine 64 --compile -cudart static  -g   -DWIN32 -DWIN64 -D_DEBUG -D_CONSOLE -D_WINDLL -D_MBCS -Xcompiler "/EHsc /W3 /nologo /Od /Fd..Debug\vc142.pdb /FS /Zi /RTC1 /MDd " -o ..Debug\bce_cost.cu.obj "C:\Users\junwen\Documents\Visual Studio 2019\Project_Repo\cudaNeuronNet\cudaNeuronNet\nn_utils\bce_cost.cu" 
  
  C:\Users\junwen\Documents\Visual Studio 2019\Project_Repo\cudaNeuronNet\cudaNeuronNet>"C:\Program Files\NVIDIA GPU Computing Toolkit\CUDA\v11.0\bin\nvcc.exe" -gencode=arch=compute_52,code=\"sm_52,compute_52\" --use-local-env -ccbin "C:\Program Files (x86)\Microsoft Visual Studio\2019\Community\VC\Tools\MSVC\14.27.29110\bin\HostX86\x64" -x cu   -I"C:\Program Files\NVIDIA GPU Computing Toolkit\CUDA\v11.0\include" -I"C:\Program Files\NVIDIA GPU Computing Toolkit\CUDA\v11.0\include"  -G   --keep-dir x64\Debug -maxrregcount=0  --machine 64 --compile -cudart static  -g   -DWIN32 -DWIN64 -D_DEBUG -D_CONSOLE -D_WINDLL -D_MBCS -Xcompiler "/EHsc /W3 /nologo /Od /Fd..Debug\vc142.pdb /FS /Zi /RTC1 /MDd " -o ..Debug\main.cu.obj "C:\Users\junwen\Documents\Visual Studio 2019\Project_Repo\cudaNeuronNet\cudaNeuronNet\main.cu" 
  
  C:\Users\junwen\Documents\Visual Studio 2019\Project_Repo\cudaNeuronNet\cudaNeuronNet>"C:\Program Files\NVIDIA GPU Computing Toolkit\CUDA\v11.0\bin\nvcc.exe" -gencode=arch=compute_52,code=\"sm_52,compute_52\" --use-local-env -ccbin "C:\Program Files (x86)\Microsoft Visual Studio\2019\Community\VC\Tools\MSVC\14.27.29110\bin\HostX86\x64" -x cu   -I"C:\Program Files\NVIDIA GPU Computing Toolkit\CUDA\v11.0\include" -I"C:\Program Files\NVIDIA GPU Computing Toolkit\CUDA\v11.0\include"  -G   --keep-dir x64\Debug -maxrregcount=0  --machine 64 --compile -cudart static  -g   -DWIN32 -DWIN64 -D_DEBUG -D_CONSOLE -D_WINDLL -D_MBCS -Xcompiler "/EHsc /W3 /nologo /Od /Fd..Debug\vc142.pdb /FS /Zi /RTC1 /MDd " -o ..Debug\neural_network.cu.obj "C:\Users\junwen\Documents\Visual Studio 2019\Project_Repo\cudaNeuronNet\cudaNeuronNet\neural_network.cu" 
  
  C:\Users\junwen\Documents\Visual Studio 2019\Project_Repo\cudaNeuronNet\cudaNeuronNet>"C:\Program Files\NVIDIA GPU Computing Toolkit\CUDA\v11.0\bin\nvcc.exe" -gencode=arch=compute_52,code=\"sm_52,compute_52\" --use-local-env -ccbin "C:\Program Files (x86)\Microsoft Visual Studio\2019\Community\VC\Tools\MSVC\14.27.29110\bin\HostX86\x64" -x cu   -I"C:\Program Files\NVIDIA GPU Computing Toolkit\CUDA\v11.0\include" -I"C:\Program Files\NVIDIA GPU Computing Toolkit\CUDA\v11.0\include"  -G   --keep-dir x64\Debug -maxrregcount=0  --machine 64 --compile -cudart static  -g   -DWIN32 -DWIN64 -D_DEBUG -D_CONSOLE -D_WINDLL -D_MBCS -Xcompiler "/EHsc /W3 /nologo /Od /Fd..Debug\vc142.pdb /FS /Zi /RTC1 /MDd " -o ..Debug\matrix.cu.obj "C:\Users\junwen\Documents\Visual Studio 2019\Project_Repo\cudaNeuronNet\cudaNeuronNet\nn_utils\matrix.cu" 
  coordinates_dataset.cu
C:/Users/junwen/Documents/Visual Studio 2019/Project_Repo/cudaNeuronNet/cudaNeuronNet/coordinates_dataset.cu(14): warning C4244: '=': conversion from 'double' to 'float', possible loss of data
C:/Users/junwen/Documents/Visual Studio 2019/Project_Repo/cudaNeuronNet/cudaNeuronNet/coordinates_dataset.cu(15): warning C4267: 'argument': conversion from 'size_t' to 'const int', possible loss of data
C:/Users/junwen/Documents/Visual Studio 2019/Project_Repo/cudaNeuronNet/cudaNeuronNet/coordinates_dataset.cu(15): warning C4244: '=': conversion from 'double' to 'float', possible loss of data
C:/Users/junwen/Documents/Visual Studio 2019/Project_Repo/cudaNeuronNet/cudaNeuronNet/coordinates_dataset.cu(17): warning C4267: 'argument': conversion from 'size_t' to 'const int', possible loss of data
C:/Users/junwen/Documents/Visual Studio 2019/Project_Repo/cudaNeuronNet/cudaNeuronNet/coordinates_dataset.cu(32): warning C4267: 'return': conversion from 'size_t' to 'int', possible loss of data
  linear_layer.cu
  relu_activation.cu
  Compiling CUDA source file nn_utils\shape.cu...
  sigmoid_activation.cu
  bce_cost.cu
  neural_network.cu
  matrix.cu
  main.cu
  
  C:\Users\junwen\Documents\Visual Studio 2019\Project_Repo\cudaNeuronNet\cudaNeuronNet>"C:\Program Files\NVIDIA GPU Computing Toolkit\CUDA\v11.0\bin\nvcc.exe" -gencode=arch=compute_52,code=\"sm_52,compute_52\" --use-local-env -ccbin "C:\Program Files (x86)\Microsoft Visual Studio\2019\Community\VC\Tools\MSVC\14.27.29110\bin\HostX86\x64" -x cu   -I"C:\Program Files\NVIDIA GPU Computing Toolkit\CUDA\v11.0\include" -I"C:\Program Files\NVIDIA GPU Computing Toolkit\CUDA\v11.0\include"  -G   --keep-dir x64\Debug -maxrregcount=0  --machine 64 --compile -cudart static  -g   -DWIN32 -DWIN64 -D_DEBUG -D_CONSOLE -D_WINDLL -D_MBCS -Xcompiler "/EHsc /W3 /nologo /Od /Fd..Debug\vc142.pdb /FS /Zi /RTC1 /MDd " -o ..Debug\shape.cu.obj "C:\Users\junwen\Documents\Visual Studio 2019\Project_Repo\cudaNeuronNet\cudaNeuronNet\nn_utils\shape.cu" 
C:/Users/junwen/Documents/Visual Studio 2019/Project_Repo/cudaNeuronNet/cudaNeuronNet/layers/relu_activation.cu(45): warning C4267: 'argument': conversion from 'size_t' to 'unsigned int', possible loss of data
C:/Users/junwen/Documents/Visual Studio 2019/Project_Repo/cudaNeuronNet/cudaNeuronNet/layers/relu_activation.cu(47): warning C4267: 'argument': conversion from 'size_t' to 'int', possible loss of data
C:/Users/junwen/Documents/Visual Studio 2019/Project_Repo/cudaNeuronNet/cudaNeuronNet/layers/relu_activation.cu(58): warning C4267: 'argument': conversion from 'size_t' to 'unsigned int', possible loss of data
C:/Users/junwen/Documents/Visual Studio 2019/Project_Repo/cudaNeuronNet/cudaNeuronNet/layers/relu_activation.cu(59): warning C4267: 'argument': conversion from 'size_t' to 'int', possible loss of data
C:/Users/junwen/Documents/Visual Studio 2019/Project_Repo/cudaNeuronNet/cudaNeuronNet/nn_utils/bce_cost.cu(42): warning C4267: 'argument': conversion from 'size_t' to 'unsigned int', possible loss of data
C:/Users/junwen/Documents/Visual Studio 2019/Project_Repo/cudaNeuronNet/cudaNeuronNet/nn_utils/bce_cost.cu(43): warning C4267: 'argument': conversion from 'size_t' to 'int', possible loss of data
C:/Users/junwen/Documents/Visual Studio 2019/Project_Repo/cudaNeuronNet/cudaNeuronNet/nn_utils/bce_cost.cu(59): warning C4267: 'argument': conversion from 'size_t' to 'unsigned int', possible loss of data
C:/Users/junwen/Documents/Visual Studio 2019/Project_Repo/cudaNeuronNet/cudaNeuronNet/nn_utils/bce_cost.cu(60): warning C4267: 'argument': conversion from 'size_t' to 'int', possible loss of data
C:/Users/junwen/Documents/Visual Studio 2019/Project_Repo/cudaNeuronNet/cudaNeuronNet/layers/sigmoid_activation.cu(47): warning C4267: 'argument': conversion from 'size_t' to 'unsigned int', possible loss of data
C:/Users/junwen/Documents/Visual Studio 2019/Project_Repo/cudaNeuronNet/cudaNeuronNet/layers/sigmoid_activation.cu(49): warning C4267: 'argument': conversion from 'size_t' to 'int', possible loss of data
C:/Users/junwen/Documents/Visual Studio 2019/Project_Repo/cudaNeuronNet/cudaNeuronNet/layers/sigmoid_activation.cu(60): warning C4267: 'argument': conversion from 'size_t' to 'unsigned int', possible loss of data
C:/Users/junwen/Documents/Visual Studio 2019/Project_Repo/cudaNeuronNet/cudaNeuronNet/layers/sigmoid_activation.cu(61): warning C4267: 'argument': conversion from 'size_t' to 'int', possible loss of data
C:\Users\junwen\Documents\Visual Studio 2019\Project_Repo\cudaNeuronNet\cudaNeuronNet\layers\linear_layer.hh(16): warning C4305: 'initializing': truncation from 'double' to 'const float'
C:/Users/junwen/Documents/Visual Studio 2019/Project_Repo/cudaNeuronNet/cudaNeuronNet/layers/linear_layer.cu(114): warning C4267: 'argument': conversion from 'size_t' to 'const int', possible loss of data
C:/Users/junwen/Documents/Visual Studio 2019/Project_Repo/cudaNeuronNet/cudaNeuronNet/layers/linear_layer.cu(144): warning C4267: 'argument': conversion from 'size_t' to 'unsigned int', possible loss of data
C:/Users/junwen/Documents/Visual Studio 2019/Project_Repo/cudaNeuronNet/cudaNeuronNet/layers/linear_layer.cu(146): warning C4267: 'argument': conversion from 'size_t' to 'int', possible loss of data
C:/Users/junwen/Documents/Visual Studio 2019/Project_Repo/cudaNeuronNet/cudaNeuronNet/layers/linear_layer.cu(171): warning C4267: 'argument': conversion from 'size_t' to 'unsigned int', possible loss of data
C:/Users/junwen/Documents/Visual Studio 2019/Project_Repo/cudaNeuronNet/cudaNeuronNet/layers/linear_layer.cu(173): warning C4267: 'argument': conversion from 'size_t' to 'int', possible loss of data
C:/Users/junwen/Documents/Visual Studio 2019/Project_Repo/cudaNeuronNet/cudaNeuronNet/layers/linear_layer.cu(182): warning C4267: 'argument': conversion from 'size_t' to 'unsigned int', possible loss of data
C:/Users/junwen/Documents/Visual Studio 2019/Project_Repo/cudaNeuronNet/cudaNeuronNet/layers/linear_layer.cu(184): warning C4267: 'argument': conversion from 'size_t' to 'int', possible loss of data
C:/Users/junwen/Documents/Visual Studio 2019/Project_Repo/cudaNeuronNet/cudaNeuronNet/layers/linear_layer.cu(194): warning C4267: 'argument': conversion from 'size_t' to 'unsigned int', possible loss of data
C:/Users/junwen/Documents/Visual Studio 2019/Project_Repo/cudaNeuronNet/cudaNeuronNet/layers/linear_layer.cu(195): warning C4267: 'argument': conversion from 'size_t' to 'int', possible loss of data
C:/Users/junwen/Documents/Visual Studio 2019/Project_Repo/cudaNeuronNet/cudaNeuronNet/layers/linear_layer.cu(202): warning C4267: 'return': conversion from 'size_t' to 'int', possible loss of data
C:/Users/junwen/Documents/Visual Studio 2019/Project_Repo/cudaNeuronNet/cudaNeuronNet/layers/linear_layer.cu(206): warning C4267: 'return': conversion from 'size_t' to 'int', possible loss of data
C:\Users\junwen\Documents\Visual Studio 2019\Project_Repo\cudaNeuronNet\cudaNeuronNet\layers/linear_layer.hh(16): warning C4305: 'initializing': truncation from 'double' to 'const float'
C:/Users/junwen/Documents/Visual Studio 2019/Project_Repo/cudaNeuronNet/cudaNeuronNet/main.cu(20): warning C4244: 'argument': conversion from 'time_t' to 'unsigned int', possible loss of data
C:/Users/junwen/Documents/Visual Studio 2019/Project_Repo/cudaNeuronNet/cudaNeuronNet/main.cu(67): warning C4267: 'initializing': conversion from 'size_t' to 'int', possible loss of data
C:/Users/junwen/Documents/Visual Studio 2019/Project_Repo/cudaNeuronNet/cudaNeuronNet/main.cu(71): warning C4244: 'initializing': conversion from 'int' to 'float', possible loss of data
  shape.cu
     Creating library C:\Users\junwen\Documents\Visual Studio 2019\Project_Repo\cudaNeuronNet\Debug\cudaNeuronNet.lib and object C:\Users\junwen\Documents\Visual Studio 2019\Project_Repo\cudaNeuronNet\Debug\cudaNeuronNet.exp
  cudaNeuronNet.vcxproj -> C:\Users\junwen\Documents\Visual Studio 2019\Project_Repo\cudaNeuronNet\Debug\cudaNeuronNet.dll
